(0000000019.559056) can0 0D0#1100000000680000
(0000000019.560350) can0 0B0#0164420500000000
(0000000019.561038) can0 0D0#1000000000480000
(0000000019.562830) can0 182#4AD04C01
(0000000019.562999) can0 0C0#022F000000000000
(0000000019.565028) can0 0C0#0113861389138832
(0000000019.567026) can0 0C0#00018F018E019704
(0000000019.569093) can0 0D0#0800000000000000
(0000000019.571060) can0 0D0#060000000000006B
(0000000019.587772) can0 0AA#0A05F006CB04A4
(0000000019.590355) can0 0B0#0164440500000100
(0000000019.598999) can0 0AA#05000C0001
(0000000019.599083) can0 0AA#0141C74C9C919B0A
(0000000019.608850) can0 181#4A454E02
(0000000019.611002) can0 0AA#05000C0001
(0000000019.611080) can0 0AA#0141C7489C919B09
(0000000019.620371) can0 0B0#0164430500000100
(0000000019.650130) can0 0AA#05000B0000
(0000000019.650199) can0 0AA#0141C74A9C919B0A
(0000000019.650247) can0 0B0#0164440500000100
(0000000019.659331) can0 0D0#1100000000680000
(0000000019.661052) can0 0D0#1000000000480000
(0000000019.662613) can0 182#4AD34C01
(0000000019.663020) can0 0C0#022E000000000000
(0000000019.665059) can0 0C0#0113871387138A32
(0000000019.667030) can0 0C0#00018C018F019304
(0000000019.669026) can0 0D0#0800000000000000